C51 COMPILER V9.60.7.0   MAIN                                                              06/28/2024 18:21:31 PAGE 1   


C51 COMPILER V9.60.7.0, COMPILATION OF MODULE MAIN
OBJECT MODULE PLACED IN .\Objects\main.obj
COMPILER INVOKED BY: E:\Keil_v5\C51\BIN\C51.EXE main.c OPTIMIZE(8,SPEED) BROWSE DEBUG OBJECTEXTEND PRINT(.\Listings\main
                    -.lst) TABS(2) OBJECT(.\Objects\main.obj)

line level    source

   1          #include<reg52.h>
   2          #include<intrins.h>
   3          
   4          typedef unsigned int uint;
   5          typedef unsigned char uchar;
   6          
   7          uchar Data[] = {
   8                              0x3F,0x06,0x5B,0x4f,0x66,
   9                              0x6D,0x7D,0x07,0x7F,0x6F, 
  10                              0x77,0x7C,0x39,0x5E,0x79,  
  11                              0x71,0x76,0x38,0x40,0x00 
  12                          };
  13          
  14          
  15          
  16          sbit DU = P2^6;
  17          sbit WE = P2^7;
  18          
  19          typedef enum location
  20          {
  21              First,
  22              Second,
  23              Third,
  24              Fourth,
  25              Fifth,
  26              Sixth,
  27              Seventh,
  28              Eighth   
  29          }location;
  30          
  31          void delay(uint span)
  32          {
  33   1          uint i = 0;
  34   1          uint j = 0;
  35   1          for(i=0;j<span;i++)
  36   1          {
  37   2              for(j=0;j<144;j++);
  38   2          }
  39   1      }
  40          
  41          void DigitalTubeInitialization()
  42          {
  43   1          //è¦çŸ¥é“ä¸ºä»€ä¹ˆç½®ä¸º0å¯¹åº”æ•°ç ç®¡å°±ä¼šé€‰ä¸­
  44   1          //è¿™é‡Œç”¨çš„æ˜¯å…«ä½å…±é˜´æžæ•°ç ç®¡ï¼Œä¹Ÿå°±æ˜¯è¯´æ¯ä¸ªæ•°ç ç®¡ä¸­çš„å…«ä¸ªLEDé˜´æžæ˜¯æŽ¥åœ¨ä
             -¸€èµ·çš„ï¼Œ
  45   1          //å½“ä½é€‰é”å­˜å™¨å¼€å¯åŽï¼Œå…«ä¸ªP0ç«¯å£ç›¸å½“äºŽä¾æ®é«˜ä½Žä½åˆ†åˆ«ä¸Žå…«ä¸ªæ•°ç ç®¡çš„é˜´æž
             -ç›¸è¿ž
  46   1          //è€ŒLEDçš„ç‚¹äº®æ¡ä»¶æ˜¯é˜³æžæŽ¥é«˜ç”µä½ï¼Œé˜´æžæŽ¥ä½Žç”µä½ï¼›
  47   1          //æ­¤æ—¶ï¼Œè‹¥æŠŠå¯¹åº”IOå£ç½®ä¸ºé«˜ç”µä½ï¼Œåˆ™é˜´æžå°±æ˜¯é«˜ç”µä½ï¼Œè¿™æ ·ï¼Œæ— è®ºé˜³æžç”µä½å¦
             -‚ä½•ï¼ŒLEDéƒ½ä¸ä¼šè¢«ç‚¹äº®
  48   1          P0 = 0xff;
  49   1          WE = 1;
  50   1          WE = 0;
  51   1      }
C51 COMPILER V9.60.7.0   MAIN                                                              06/28/2024 18:21:31 PAGE 2   

  52          
  53          void display(uint value,location place)
  54          {
  55   1          uchar position = 0xfe;
  56   1          WE = 1;
  57   1          P0 = _crol_(position,(uint)place);
  58   1          WE = 0;
  59   1          P0 = Data[value];
  60   1          DU = 1;
  61   1          DU = 0;
  62   1      }
  63          
  64          void main()
  65          {
  66   1          DigitalTubeInitialization();
  67   1          display(1, Eighth);
  68   1          //ç¬¬ä¸€æ¬¡å†™æ²¡æœ‰å¸¦while(1);ç»“æžœå‘çŽ°ä¸€äº›æœ¬ä¸è¯¥å‘å…‰çš„çš„LEDæœ‰è¾‰å…‰ï¼ŒåŽæ¥ç¨å¾®æƒ³ä
             -º†ä¸€ä¸‹ï¼Œæ„è¯†åˆ°æœ‰è¾‰å…‰æ˜¯å› ä¸ºåµŒå…¥å¼ç¨‹åºæ˜¯åå¤è¿è¡Œçš„ï¼Œ
  69   1          //å¦‚æžœä¸åŠ while(1);æ•°ç ç®¡ç«‹åˆ»åˆä¼šè¢«åˆå§‹åŒ–ï¼Œè€Œç¨‹åºè¿è¡Œåˆå¾ˆå¿«ï¼Œæ®‹ç•™çš„è§†è§‰æ
             -··åœ¨ä¸€èµ·å°±æœ‰äº†è¾‰å…‰
  70   1          while(1);  
  71   1      }


MODULE INFORMATION:   STATIC OVERLAYABLE
   CODE SIZE        =     89    ----
   CONSTANT SIZE    =   ----    ----
   XDATA SIZE       =   ----    ----
   PDATA SIZE       =   ----    ----
   DATA SIZE        =     20    ----
   IDATA SIZE       =   ----    ----
   BIT SIZE         =   ----    ----
END OF MODULE INFORMATION.


C51 COMPILATION COMPLETE.  0 WARNING(S),  0 ERROR(S)
