C51 COMPILER V9.60.7.0   ISNULL                                                            07/04/2024 21:22:40 PAGE 1   


C51 COMPILER V9.60.7.0, COMPILATION OF MODULE ISNULL
OBJECT MODULE PLACED IN .\Objects\isnull.obj
COMPILER INVOKED BY: E:\Keil_v5\C51\BIN\C51.EXE isnull.c OPTIMIZE(8,SPEED) BROWSE DEBUG OBJECTEXTEND PRINT(.\Listings\is
                    -null.lst) TABS(2) OBJECT(.\Objects\isnull.obj)

line level    source

   1          //用于在80C51系列单片机系统中添加野指针检查函数
   2          //类似于断言，当输入形参为野指针时，蜂鸣器以摩斯密码SOS的形式发出警报
   3          #include<reg52.h>
   4          #include<stddef.h>
   5          
   6          typedef unsigned char uchar;
   7          typedef unsigned int uint;
   8          
   9          sbit buzzer = P2^3;
  10          
  11          //注意C51中的unsigned int范围是0~65535
  12          //这个144是用Debug的程序运行时间算出来的
  13          void delay(uint interval)
  14          {
  15   1          uint i = 0;
  16   1          uint j = 0;
  17   1          for(i=0;i<interval;i++)
  18   1          {
  19   2              for(j=0;j<144;j++)
  20   2              {
  21   3                  ;
  22   3              }
  23   2          }
  24   1      }
  25          
  26          //SOS:  ···   ---   ···
  27          
  28          void SOS()
  29          {
  30   1          uint i = 0;
  31   1          for(i=0;i<3;i++)
  32   1          {
  33   2              buzzer = 0;
  34   2              delay(10);
  35   2              buzzer = 1;
  36   2              delay(5);
  37   2          }
  38   1          delay(50);
  39   1      
  40   1          for(i=0;i<3;i++)
  41   1          {
  42   2              buzzer = 0;
  43   2              delay(20);
  44   2              buzzer = 1;
  45   2              delay(5);
  46   2          }
  47   1          delay(50);
  48   1      
  49   1          for(i=0;i<3;i++)
  50   1          {
  51   2              buzzer = 0;
  52   2              delay(10);
  53   2              buzzer = 1;
  54   2              delay(5);
C51 COMPILER V9.60.7.0   ISNULL                                                            07/04/2024 21:22:40 PAGE 2   

  55   2          }
  56   1          delay(50);
  57   1      }
  58          
  59          void isnull(void* ptr)
  60          {
  61   1          if(ptr == NULL)
  62   1          {
  63   2              SOS();
  64   2          }
  65   1          else
  66   1          {
  67   2              ;
  68   2          }
  69   1      }


MODULE INFORMATION:   STATIC OVERLAYABLE
   CODE SIZE        =    136    ----
   CONSTANT SIZE    =   ----    ----
   XDATA SIZE       =   ----    ----
   PDATA SIZE       =   ----    ----
   DATA SIZE        =   ----       3
   IDATA SIZE       =   ----    ----
   BIT SIZE         =   ----    ----
END OF MODULE INFORMATION.


C51 COMPILATION COMPLETE.  0 WARNING(S),  0 ERROR(S)
