C51 COMPILER V9.60.7.0   MAIN                                                              07/20/2024 09:26:23 PAGE 1   


C51 COMPILER V9.60.7.0, COMPILATION OF MODULE MAIN
OBJECT MODULE PLACED IN .\Objects\main.obj
COMPILER INVOKED BY: E:\Keil_v5\C51\BIN\C51.EXE main.c OPTIMIZE(8,SPEED) BROWSE DEBUG OBJECTEXTEND PRINT(.\Listings\main
                    -.lst) TABS(2) OBJECT(.\Objects\main.obj)

line level    source

   1          #include <reg52.h>
   2          #include <intrins.h>
   3          
   4          typedef unsigned char uchar;
   5          
   6          typedef struct LED_Dot_Matrix_Display
   7          {
   8              uchar Columns[8];
   9              uchar Rows;
  10          } matrix, *pMatrix;
  11          
  12          sbit HC595_SERIAL_DATA_INPUT = P3 ^ 4;
  13          sbit HC595_SHIFT_REGISTER_LATCH = P3 ^ 5;
  14          sbit HC595_INPUT_LATCH = P3 ^ 6;
  15          
  16          #define HC595_SHIFT_REGISTER_LATCH_HIGH() \
  17              {                                     \
  18                  HC595_SHIFT_REGISTER_LATCH = 1;   \
  19                  HC595_SHIFT_REGISTER_LATCH = 0;   \
  20              }
  21          #define HC595_INPUT_LATCH_HIGH() \
  22              {                            \
  23                  HC595_INPUT_LATCH = 1;   \
  24                  HC595_INPUT_LATCH = 0;   \
  25              }
  26          
  27          #define IN_Global_Variables(vale,n,data) {vale.Columns[n] = data;}
  28          
  29          #define NULL ((void*)0)
  30          
  31          //0xE7,0xF7,0xF7,0xF7,0x80,0xF7,0xFB,0xC3   子
  32          //0xE0,0xEE,0x01,0x6D,0x01,0x6D,0x01,0xEF   电
  33          matrix test = {{0xE7,0xF7,0xF7,0xF7,0x80,0xF7,0xFB,0xC3},{0x80}};
  34          
  35          
  36          void display8x8LEDMatrixDisplay(pMatrix p)
  37          {
  38   1          static uchar i = 0;
  39   1          uchar j = 0;
  40   1          uchar k = 0;
  41   1          uchar buffer = 0;
  42   1          static pMatrix history = NULL;
  43   1      
  44   1          if (p == NULL)
  45   1          {
  46   2              again:
  47   2              buffer = history->Columns[i];
  48   2              i++;
  49   2              if (i == 8)
  50   2              {
  51   3                  i = 0;
  52   3              }
  53   2              do
  54   2              {
C51 COMPILER V9.60.7.0   MAIN                                                              07/20/2024 09:26:23 PAGE 2   

  55   3                  for (j = 0; j < 8; j++)
  56   3                  {
  57   4                      if (buffer & 0x01)
  58   4                      {
  59   5                          HC595_SERIAL_DATA_INPUT = 1;
  60   5                      }
  61   4                      else
  62   4                      {
  63   5                          HC595_SERIAL_DATA_INPUT = 0;
  64   5                      }
  65   4                      HC595_SHIFT_REGISTER_LATCH_HIGH();
  66   4                      buffer >>= 1;
  67   4                  }
  68   3                  buffer = history->Rows;
  69   3              } while (!k++);
  70   2              history->Rows = _cror_(history->Rows, 1);
  71   2              HC595_INPUT_LATCH_HIGH();
  72   2          }
  73   1          else
  74   1          {
  75   2              if (i == 0)
  76   2              {
  77   3                  history = p;
  78   3                  buffer = p->Columns[i];
  79   3                  i++;
  80   3                  if (i == 8)
  81   3                  {
  82   4                      i = 0;
  83   4                  }
  84   3                  do
  85   3                  {
  86   4                      for (j = 0; j < 8; j++)
  87   4                      {
  88   5                          if (buffer & 0x01)
  89   5                          {
  90   6                              HC595_SERIAL_DATA_INPUT = 1;
  91   6                          }
  92   5                          else
  93   5                          {
  94   6                              HC595_SERIAL_DATA_INPUT = 0;
  95   6                          }
  96   5                          HC595_SHIFT_REGISTER_LATCH_HIGH();
  97   5                          buffer >>= 1;
  98   5                      }
  99   4                      buffer = p->Rows;
 100   4                  } while (!k++);
 101   3                  p->Rows = _cror_(p->Rows, 1);
 102   3                  HC595_INPUT_LATCH_HIGH();
 103   3              }
 104   2              else
 105   2              {
 106   3                  goto again;
 107   3              }
 108   2          }
 109   1      }
 110          
 111          void main()
 112          {
 113   1          HC595_SHIFT_REGISTER_LATCH = 0;
 114   1          HC595_INPUT_LATCH = 0;
 115   1      
 116   1          EA = 1;
C51 COMPILER V9.60.7.0   MAIN                                                              07/20/2024 09:26:23 PAGE 3   

 117   1          ET0 = 1;
 118   1          TMOD = 0x01;
 119   1          TH0 = 0xf8;
 120   1          TL0 = 0xcd;
 121   1          TR0= 1;
 122   1      
 123   1          while(1);
 124   1      }
 125          
 126          void display() interrupt 1
 127          {
 128   1          TH0 = 0xf8;
 129   1          TL0 = 0xcd;
 130   1          display8x8LEDMatrixDisplay(&test);
 131   1      }


MODULE INFORMATION:   STATIC OVERLAYABLE
   CODE SIZE        =    293    ----
   CONSTANT SIZE    =   ----    ----
   XDATA SIZE       =   ----    ----
   PDATA SIZE       =   ----    ----
   DATA SIZE        =     13       3
   IDATA SIZE       =   ----    ----
   BIT SIZE         =   ----    ----
END OF MODULE INFORMATION.


C51 COMPILATION COMPLETE.  0 WARNING(S),  0 ERROR(S)
