C51 COMPILER V9.60.7.0   PREFER                                                            07/13/2024 12:33:50 PAGE 1   


C51 COMPILER V9.60.7.0, COMPILATION OF MODULE PREFER
OBJECT MODULE PLACED IN .\Objects\prefer.obj
COMPILER INVOKED BY: E:\Keil_v5\C51\BIN\C51.EXE prefer.c OPTIMIZE(8,SPEED) BROWSE DEBUG OBJECTEXTEND PRINT(.\Listings\pr
                    -efer.lst) TABS(2) OBJECT(.\Objects\prefer.obj)

line level    source

   1          #include"choose.h"
   2          #ifndef CHOOSE
   3          
   4          //#define CODE1
   5          #define CODE2
   6          
   7          #ifdef CODE1
              
              #include<reg52.h>
              
              //ç±»å‹é‡å‘½å
              typedef unsigned char uchar;
              typedef unsigned int uint;
              typedef unsigned long ulong;
              
              //æŒ‰é”®æ¯”ç‰¹ä½å‘½å
              sbit Key2 = P3^0;
              
              //æ•°ç ç®¡æ®µé€‰ä½é€‰æ¯”ç‰¹ä½å‘½å
              sbit DU = P2^6;
              sbit WE = P2^7;
              
              //å…±é˜´ææ•°ç ç®¡å­—ç¬¦ç 
              uchar Data[] = {
                                  0x3F,0x06,0x5B,0x4f,0x66,
                                  0x6D,0x7D,0x07,0x7F,0x6F, 
                                  0x77,0x7C,0x39,0x5E,0x79,  
                                  0x71,0x76,0x38,0x40,0x00 
                              };
              
              void main()
              {
                  bit prevkey = 1;                //æŒ‰é”®æœ€å¼€å§‹æ˜¯æ²¡æœ‰è¢«æŒ‰ä¸‹çš„ï¼Œæ‰€ä»¥åˆå§‹åŒ–ä¸º1
                  uchar number = 0;               //æœ€å¼€å§‹æ˜¾ç¤º0ï¼Œæ‰€ä»¥åˆå§‹åŒ–ä¸º0
              
                  //æ•°ç ç®¡æ¶ˆéšï¼šå…³é—­æ®µã€‚
                  P0 = 0x00;
                  DU = 1;
                  DU = 0;
              
                  //æ˜¾ç¤ºåˆå§‹æ•°å­—
                  //ä½æ“ä½œ
                  P0 = 0x7f;
                  WE = 1;
                  WE = 0;
                  //æ®µæ“ä½œ
                  P0 = Data[number];
                  DU = 1;
                  DU = 0;
              
                  while(1)
                  {
                      if(Key2 != prevkey)
                      {
C51 COMPILER V9.60.7.0   PREFER                                                            07/13/2024 12:33:50 PAGE 2   

                          number++;
                          if(number == 10)
                          {
                              number = 0;
                          }
              
                          P0 = Data[number];
                          DU = 1;
                          DU = 0;
              
                          prevkey = Key2;
                      }
                  }
              }                
              
              #endif
  71          
  72          #ifdef CODE2
  73          
  74          #include<reg52.h>
  75          
  76          //ç±»å‹é‡å‘½å
  77          typedef unsigned char uchar;
  78          typedef unsigned int uint;
  79          typedef unsigned long ulong;
  80          
  81          //æŒ‰é”®æ¯”ç‰¹ä½å‘½å
  82          sbit Key2 = P3^0;
  83          
  84          //æ•°ç ç®¡æ®µé€‰ä½é€‰æ¯”ç‰¹ä½å‘½å
  85          sbit DU = P2^6;
  86          sbit WE = P2^7;
  87          
  88          bit newkey = 1;                 //æŒ‰é”®æœ€å¼€å§‹æ˜¯æ²¡æœ‰è¢«æŒ‰ä¸‹çš„ï¼Œæ‰€ä»¥åˆå§‹åŒ–ä¸º1
  89          
  90          //å…±é˜´ææ•°ç ç®¡å­—ç¬¦ç 
  91          uchar Data[] = {
  92                              0x3F,0x06,0x5B,0x4f,0x66,
  93                              0x6D,0x7D,0x07,0x7F,0x6F, 
  94                              0x77,0x7C,0x39,0x5E,0x79,  
  95                              0x71,0x76,0x38,0x40,0x00 
  96                          };
  97          
  98          void main()
  99          {
 100   1          bit prevkey = 1;                //æŒ‰é”®æœ€å¼€å§‹æ˜¯æ²¡æœ‰è¢«æŒ‰ä¸‹çš„ï¼Œæ‰€ä»¥åˆå§‹åŒ–ä¸º1
 101   1          uchar number = 0;               //æœ€å¼€å§‹æ˜¾ç¤º0ï¼Œæ‰€ä»¥åˆå§‹åŒ–ä¸º0
 102   1      
 103   1          //æ•°ç ç®¡æ¶ˆéšï¼šå…³é—­æ®µã€‚
 104   1          P0 = 0x00;
 105   1          DU = 1;
 106   1          DU = 0;
 107   1      
 108   1          //æ˜¾ç¤ºåˆå§‹æ•°å­—
 109   1          //ä½æ“ä½œ
 110   1          P0 = 0x7f;
 111   1          WE = 1;
 112   1          WE = 0;
 113   1          //æ®µæ“ä½œ
 114   1          P0 = Data[number];
 115   1          DU = 1;
 116   1          DU = 0;
C51 COMPILER V9.60.7.0   PREFER                                                            07/13/2024 12:33:50 PAGE 3   

 117   1      
 118   1          //å¯ç”¨å®šæ—¶ä¸­æ–­
 119   1          EA = 1;        //ä½¿èƒ½æ€»ä¸­æ–­
 120   1          ET0 = 1;       //ä½¿èƒ½å®šæ—¶ä¸­æ–­
 121   1          TMOD = 0x01;   //è®¾ç½®å®šæ—¶T0ä¸ºæ¨¡å¼ä¸€
 122   1          //è£…è½½åˆå§‹åŒ–æ•°æ®ï¼Œå®šæ—¶2ms
 123   1          TH0 = 0xf8;
 124   1          TL0 = 0xcd;
 125   1          TR0 = 1;       //å¯åŠ¨T0
 126   1      
 127   1          while(1)
 128   1          {
 129   2              if(newkey != prevkey)                               //æŒ‰é”®çŠ¶æ€å‘ç”Ÿå˜åŒ–
 130   2              {
 131   3                  if(newkey == 0)                                 //æŒ‰é”®è¢«æŒ‰ä¸‹
 132   3                  {
 133   4                      number++;
 134   4                      if(number == 10)
 135   4                      {
 136   5                          number = 0;
 137   5                      }
 138   4      
 139   4                      P0 = Data[number];
 140   4                      DU = 1;
 141   4                      DU = 0;
 142   4      
 143   4                      prevkey = newkey;
 144   4                  }
 145   3                  else                                            //æŒ‰é”®å¼¹èµ·
 146   3                  {
 147   4                      ;
 148   4                  }
 149   3              }
 150   2          }
 151   1      }
 152          
 153          //ä»¥å®šæ—¶ä¸­æ–­çš„å½¢å¼æ£€æµ‹æŒ‰é”®
 154          void iskey() interrupt 1
 155          {
 156   1          static uchar keyhistory = 0xff;          //æ„å»ºç¼“å†²åŒºï¼Œå­˜å‚¨æŒ‰é”®åœ¨16mså†…çš„8æ¬¡çŠ¶æ€ã€‚
 157   1      
 158   1          //è£…è½½åˆå§‹åŒ–æ•°æ®ï¼Œå®šæ—¶2ms
 159   1          TH0 = 0xf8;
 160   1          TL0 = 0xcd;
 161   1      
 162   1          Key2 = 1;                                //å¯¹ç›¸å…³IOå£åˆå§‹åŒ–ä¸º1ï¼Œç¡®ä¿èƒ½æ­£å¸¸è¯»å–æŒ‰é”®
 163   1      
 164   1          keyhistory = (keyhistory<<1) | Key2;         //è®°å½•æŒ‰é”®æ¯2msçš„çŠ¶æ€
 165   1      
 166   1          if (keyhistory == 0x00)                      //è¿ç»­ 8 æ¬¡æ‰«æå€¼éƒ½ä¸º 0ï¼Œå³ 16ms å†…éƒ½åªæ£€æµ
             -‹åˆ°æŒ‰ä¸‹çŠ¶æ€æ—¶ï¼Œå¯è®¤ä¸ºæŒ‰é”®å·²æŒ‰ä¸‹
 167   1          { 
 168   2              newkey = 0;
 169   2          }
 170   1          else if (keyhistory == 0xFF)                 //è¿ç»­ 8 æ¬¡æ‰«æå€¼éƒ½ä¸º 1ï¼Œå³ 16ms å†…éƒ½åªæ£€æµ
             -‹åˆ°å¼¹èµ·çŠ¶æ€æ—¶ï¼Œå¯è®¤ä¸ºæŒ‰é”®å·²å¼¹èµ·
 171   1          { 
 172   2              newkey = 1;
 173   2          }
 174   1          else                                     //å…¶å®ƒæƒ…å†µåˆ™è¯´æ˜æŒ‰é”®çŠ¶æ€å°šæœªç¨³å®šï¼Œåˆ™ä¸å¯¹ K
             -eySta å˜é‡å€¼è¿›è¡Œæ›´æ–°
 175   1          {
C51 COMPILER V9.60.7.0   PREFER                                                            07/13/2024 12:33:50 PAGE 4   

 176   2              
 177   2          } 
 178   1      }
 179          
 180          #endif
 181          
 182          #endif


MODULE INFORMATION:   STATIC OVERLAYABLE
   CODE SIZE        =    125    ----
   CONSTANT SIZE    =   ----    ----
   XDATA SIZE       =   ----    ----
   PDATA SIZE       =   ----    ----
   DATA SIZE        =     21    ----
   IDATA SIZE       =   ----    ----
   BIT SIZE         =      1       1
END OF MODULE INFORMATION.


C51 COMPILATION COMPLETE.  0 WARNING(S),  0 ERROR(S)
