C51 COMPILER V9.60.7.0   MAIN                                                              06/03/2024 17:37:20 PAGE 1   


C51 COMPILER V9.60.7.0, COMPILATION OF MODULE MAIN
OBJECT MODULE PLACED IN .\Objects\main.obj
COMPILER INVOKED BY: E:\Keil_v5\C51\BIN\C51.EXE main.c OPTIMIZE(8,SPEED) BROWSE DEBUG OBJECTEXTEND PRINT(.\Listings\main
                    -.lst) TABS(2) OBJECT(.\Objects\main.obj)

line level    source

   1          #include<reg52.h>
   2          
   3          
   4          void delay(int num)
   5          {
   6   1        int x; int y;
   7   1        for(x=0;x<num;x++)
   8   1        {
   9   2          for(y=0;y<144;y++);
  10   2        }
  11   1      }
  12          
  13          void main()
  14          {
  15   1        while(1)
  16   1        {
  17   2          P1 = 0xfe;
  18   2          //delay(100);
  19   2          //P1 = 0xff;
  20   2        }
  21   1      }


MODULE INFORMATION:   STATIC OVERLAYABLE
   CODE SIZE        =     43    ----
   CONSTANT SIZE    =   ----    ----
   XDATA SIZE       =   ----    ----
   PDATA SIZE       =   ----    ----
   DATA SIZE        =   ----    ----
   IDATA SIZE       =   ----    ----
   BIT SIZE         =   ----    ----
END OF MODULE INFORMATION.


C51 COMPILATION COMPLETE.  0 WARNING(S),  0 ERROR(S)
