C51 COMPILER V9.60.7.0   MAIN                                                              07/02/2024 21:19:34 PAGE 1   


C51 COMPILER V9.60.7.0, COMPILATION OF MODULE MAIN
OBJECT MODULE PLACED IN .\Objects\main.obj
COMPILER INVOKED BY: E:\Keil_v5\C51\BIN\C51.EXE main.c OPTIMIZE(8,SPEED) BROWSE DEBUG OBJECTEXTEND PRINT(.\Listings\main
                    -.lst) TABS(2) OBJECT(.\Objects\main.obj)

line level    source

   1          #include<reg52.h>
   2          #include<intrins.h>
   3          
   4          typedef unsigned int uint;
   5          typedef unsigned char uchar;
   6          typedef unsigned long int ulint;
   7          
   8          uchar Data[] = {
   9                              0x3F,0x06,0x5B,0x4f,0x66,
  10                              0x6D,0x7D,0x07,0x7F,0x6F, 
  11                              0x77,0x7C,0x39,0x5E,0x79,  
  12                              0x71,0x76,0x38,0x40,0x00 
  13                          };
  14          
  15          sbit DU = P2^6;
  16          sbit WE = P2^7;
  17          
  18          typedef enum sequence
  19          {
  20              First,
  21              Second,
  22              Third,
  23              Fourth,
  24              Fifth,
  25              Sixth,
  26              Seventh,
  27              Eighth   
  28          }sequence;
  29          
  30          void delay(uint span)
  31          {
  32   1          uint i = 0;
  33   1          uint j = 0;
  34   1          for(i=0;i<span;i++)
  35   1          {
  36   2              for(j=0;j<144;j++);
  37   2          }
  38   1      }
  39          
  40          void SegmentDisplayInit(void)
  41          {
  42   1          //è¦çŸ¥é“ä¸ºä»€ä¹ˆç½®ä¸º0å¯¹åº”æ•°ç ç®¡å°±ä¼šé€‰ä¸­
  43   1          //è¿™é‡Œç”¨çš„æ˜¯å…«ä½å…±é˜´æžæ•°ç ç®¡ï¼Œä¹Ÿå°±æ˜¯è¯´æ¯ä¸ªæ•°ç ç®¡ä¸­çš„å…«ä¸ªLEDé˜´æžæ˜¯æŽ¥åœ¨ä
             -¸€èµ·çš„ï¼Œ
  44   1          //å½“ä½é€‰é”å­˜å™¨å¼€å¯åŽï¼Œå…«ä¸ªP0ç«¯å£ç›¸å½“äºŽä¾æ®é«˜ä½Žä½åˆ†åˆ«ä¸Žå…«ä¸ªæ•°ç ç®¡çš„é˜´æž
             -ç›¸è¿ž
  45   1          //è€ŒLEDçš„ç‚¹äº®æ¡ä»¶æ˜¯é˜³æžæŽ¥é«˜ç”µä½ï¼Œé˜´æžæŽ¥ä½Žç”µä½ï¼›
  46   1          //æ­¤æ—¶ï¼Œè‹¥æŠŠå¯¹åº”IOå£ç½®ä¸ºé«˜ç”µä½ï¼Œåˆ™é˜´æžå°±æ˜¯é«˜ç”µä½ï¼Œè¿™æ ·ï¼Œæ— è®ºé˜³æžç”µä½å¦
             -‚ä½•ï¼ŒLEDéƒ½ä¸ä¼šè¢«ç‚¹äº®
  47   1          P0 = 0xff;
  48   1          WE = 1;
  49   1          WE = 0;
  50   1      }
  51          
C51 COMPILER V9.60.7.0   MAIN                                                              07/02/2024 21:19:34 PAGE 2   

  52          
  53          #define DEBUG
  54          
  55          #ifdef DEBUG
  56          
  57          uchar digit(ulint* value)
  58          {
  59   1          uchar ret = 0;
  60   1          ret = *value % 10 + 48;
  61   1          *value = *value / 10;
  62   1          return ret;
  63   1      }
  64          
  65          void stdout(uint value,sequence serial)
  66          {
  67   1          uchar position = 0xfe;
  68   1          P0 = 0x00;
  69   1          DU = 1;
  70   1          DU = 0;
  71   1          P0 = _crol_(position,(uint)serial);
  72   1          WE = 1;
  73   1          WE = 0;
  74   1          P0 = Data[value];
  75   1          DU = 1;
  76   1          DU = 0;
  77   1      }
  78          
  79          void Display(ulint number)
  80          {
  81   1          uint eighth = (uint)(digit(&number) - '0');
  82   1          uint seventh = (uint)(digit(&number) - '0');
  83   1          uint sixth = (uint)(digit(&number) - '0');
  84   1          uint fifth = (uint)(digit(&number) - '0');
  85   1          uint fourth = (uint)(digit(&number) - '0');
  86   1          uint third = (uint)(digit(&number) - '0');
  87   1          uint second = (uint)(digit(&number) - '0');
  88   1          uint first = (uint)(digit(&number) - '0');  
  89   1          uint i = 0;
  90   1          uint j = 0;
  91   1          for(i=0;i<3000;i++)
  92   1          {
  93   2              for(j=0;j<144;j++)
  94   2              {
  95   3                      stdout(first,First);
  96   3                      stdout(second,Second);
  97   3                      stdout(third,Third);
  98   3                      stdout(fourth,Fourth);
  99   3                      stdout(fifth,Fifth);
 100   3                      stdout(sixth,Sixth);
 101   3                      stdout(seventh,Seventh);
 102   3                      stdout(eighth,Eighth);
 103   3              }
 104   2          }
 105   1      }
 106          
 107          #else
              void Display( number)
              {
                  
              }
              
              #endif
C51 COMPILER V9.60.7.0   MAIN                                                              07/02/2024 21:19:34 PAGE 3   

 114          
 115          void main()
 116          {
 117   1          SegmentDisplayInit();//æ•°ç ç®¡åˆå§‹åŒ–å‡½æ•°
 118   1          Display(65536);//å…«ä½æ•°ç ç®¡æ˜¾ç¤ºå‡½æ•°
 119   1          while(1);
 120   1      }


MODULE INFORMATION:   STATIC OVERLAYABLE
   CODE SIZE        =    394    ----
   CONSTANT SIZE    =   ----    ----
   XDATA SIZE       =   ----    ----
   PDATA SIZE       =   ----    ----
   DATA SIZE        =     20      26
   IDATA SIZE       =   ----    ----
   BIT SIZE         =   ----    ----
END OF MODULE INFORMATION.


C51 COMPILATION COMPLETE.  0 WARNING(S),  0 ERROR(S)
